Event log: [2026-03-28 20:53:28.887, Drone 1, STATE_CHANGE], IDLE -> EN_ROUTE]
Event log: [2026-03-28 20:53:28.893, Drone 3, STATE_CHANGE], IDLE -> EN_ROUTE]
Event log: [2026-03-28 20:53:28.901, Scheduler, ASSIGNMENT_SENT], Drone: 1, Zone: 2]
Event log: [2026-03-28 20:53:28.904, Scheduler, ASSIGNMENT_SENT], Drone: 3, Zone: 1]
Event log: [2026-03-28 20:53:32.881, Drone 3, FAULT_TRIGGERED], STUCK_MID_FLIGHT, Pos: 150.0,325.0]
Event log: [2026-03-28 20:53:32.882, Drone 3, STATE_CHANGE], EN_ROUTE -> FAULTED]
Event log: [2026-03-28 20:53:32.883, Drone 3, CRITICAL_FAULT], Status reached: FAULTED]
Event log: [2026-03-28 20:53:32.884, Drone 2, STATE_CHANGE], IDLE -> EN_ROUTE]
Event log: [2026-03-28 20:53:32.909, Scheduler, EVENT_BUFFERED], FireID: 10, Zone: 1]
Event log: [2026-03-28 20:53:32.910, Scheduler, ASSIGNMENT_SENT], Drone: 2, Zone: 1]
Event log: [2026-03-28 20:53:32.912, Scheduler, FAULT_RECEIVED], Msg: FAULT,3,FAULTED,150.0,325.0,100,1]
Event log: [2026-03-28 20:53:34.881, Drone 3, STATE_CHANGE], FAULTED -> RETURNING]
Event log: [2026-03-28 20:53:39.880, Drone 3, STATE_CHANGE], RETURNING -> REFILLING]
Event log: [2026-03-28 20:53:41.881, Drone 3, STATE_CHANGE], REFILLING -> IDLE]
Event log: [2026-03-28 20:53:41.882, Drone 2, STATE_CHANGE], EN_ROUTE -> ARRIVED]
Event log: [2026-03-28 20:53:41.883, Drone 2, STATE_CHANGE], ARRIVED -> DROPPING_AGENT]
Event log: [2026-03-28 20:53:42.882, Drone 1, STATE_CHANGE], EN_ROUTE -> ARRIVED]
Event log: [2026-03-28 20:53:42.883, Drone 1, STATE_CHANGE], ARRIVED -> DROPPING_AGENT]
Event log: [2026-03-28 20:53:42.883, Drone 2, STATE_CHANGE], DROPPING_AGENT -> RETURNING]
Event log: [2026-03-28 20:53:44.882, Drone 1, STATE_CHANGE], DROPPING_AGENT -> RETURNING]
Event log: [2026-03-28 20:53:51.881, Drone 2, STATE_CHANGE], RETURNING -> REFILLING]
Event log: [2026-03-28 20:53:51.905, Scheduler, EVENT_BUFFERED], FireID: 3, Zone: 3]
Event log: [2026-03-28 20:53:52.903, Scheduler, EVENT_BUFFERED], FireID: 4, Zone: 4]
Event log: [2026-03-28 20:53:53.880, Drone 2, STATE_CHANGE], REFILLING -> IDLE]
Event log: [2026-03-28 20:53:53.898, Scheduler, ASSIGNMENT_SENT], Drone: 2, Zone: 3]
Event log: [2026-03-28 20:53:58.881, Drone 2, STATE_CHANGE], IDLE -> EN_ROUTE]
Event log: [2026-03-28 20:53:58.882, Drone 1, STATE_CHANGE], RETURNING -> REFILLING]
Event log: [2026-03-28 20:54:00.882, Drone 1, STATE_CHANGE], REFILLING -> IDLE]
Event log: [2026-03-28 20:54:00.901, Scheduler, ASSIGNMENT_SENT], Drone: 1, Zone: 4]
Event log: [2026-03-28 20:54:05.882, Drone 1, STATE_CHANGE], IDLE -> EN_ROUTE]
Event log: [2026-03-28 20:54:18.882, Drone 2, STATE_CHANGE], EN_ROUTE -> ARRIVED]
Event log: [2026-03-28 20:54:18.884, Drone 2, STATE_CHANGE], ARRIVED -> DROPPING_AGENT]
Event log: [2026-03-28 20:54:21.881, Drone 2, STATE_CHANGE], DROPPING_AGENT -> RETURNING]
Event log: [2026-03-28 20:54:31.882, Drone 1, STATE_CHANGE], EN_ROUTE -> ARRIVED]
Event log: [2026-03-28 20:54:31.884, Drone 1, STATE_CHANGE], ARRIVED -> DROPPING_AGENT]
Event log: [2026-03-28 20:54:33.881, Drone 1, STATE_CHANGE], DROPPING_AGENT -> RETURNING]
Event log: [2026-03-28 20:54:41.882, Drone 2, STATE_CHANGE], RETURNING -> REFILLING]
Event log: [2026-03-28 20:54:43.881, Drone 2, STATE_CHANGE], REFILLING -> IDLE]
